<?xml version="1.0" encoding="UTF-8"?>
<testng-results skipped="0" failed="0" ignored="0" total="1" passed="1">
  <reporter-output>
  </reporter-output>
  <suite name="Default suite" duration-ms="20335" started-at="2020-10-01T19:10:17 IST" finished-at="2020-10-01T19:10:37 IST">
    <groups>
    </groups>
    <test name="Default test" duration-ms="20335" started-at="2020-10-01T19:10:17 IST" finished-at="2020-10-01T19:10:37 IST">
      <class name="Admin_Panel.PromotionDiscount">
        <test-method status="PASS" signature="setUp()[pri:0, instance:Admin_Panel.PromotionDiscount@4fcd19b3]" name="setUp" is-config="true" duration-ms="11499" started-at="2020-10-01T19:10:17 IST" finished-at="2020-10-01T19:10:28 IST">
          <reporter-output>
          </reporter-output>
        </test-method> <!-- setUp -->
        <test-method status="PASS" signature="testPromoDiscount()[pri:0, instance:Admin_Panel.PromotionDiscount@4fcd19b3]" name="testPromoDiscount" duration-ms="8775" started-at="2020-10-01T19:10:28 IST" finished-at="2020-10-01T19:10:37 IST">
          <reporter-output>
          </reporter-output>
        </test-method> <!-- testPromoDiscount -->
      </class> <!-- Admin_Panel.PromotionDiscount -->
    </test> <!-- Default test -->
  </suite> <!-- Default suite -->
</testng-results>
